This is pdfTeX, Version 3.141592653-2.6-1.40.24 (TeX Live 2022) (preloaded format=pdflatex 2022.9.8)  7 APR 2023 14:28
entering extended mode
 restricted \write18 enabled.
 file:line:error style messages enabled.
 %&-line parsing enabled.
**"DSA project report.tex"
(./DSA project report.tex
LaTeX2e <2021-11-15> patch level 1
L3 programming layer <2022-02-24>
(/usr/local/texlive/2022/texmf-dist/tex/latex/base/article.cls
Document Class: article 2021/10/04 v1.4n Standard LaTeX document class
(/usr/local/texlive/2022/texmf-dist/tex/latex/base/size11.clo
File: size11.clo 2021/10/04 v1.4n Standard LaTeX file (size option)
)
\c@part=\count185
\c@section=\count186
\c@subsection=\count187
\c@subsubsection=\count188
\c@paragraph=\count189
\c@subparagraph=\count190
\c@figure=\count191
\c@table=\count192
\abovecaptionskip=\skip47
\belowcaptionskip=\skip48
\bibindent=\dimen138
)
(/usr/local/texlive/2022/texmf-dist/tex/latex/base/inputenc.sty
Package: inputenc 2021/02/14 v1.3d Input encoding file
\inpenc@prehook=\toks16
\inpenc@posthook=\toks17
)
(/usr/local/texlive/2022/texmf-dist/tex/latex/graphics/graphicx.sty
Package: graphicx 2021/09/16 v1.2d Enhanced LaTeX Graphics (DPC,SPQR)

(/usr/local/texlive/2022/texmf-dist/tex/latex/graphics/keyval.sty
Package: keyval 2014/10/28 v1.15 key=value parser (DPC)
\KV@toks@=\toks18
)
(/usr/local/texlive/2022/texmf-dist/tex/latex/graphics/graphics.sty
Package: graphics 2021/03/04 v1.4d Standard LaTeX Graphics (DPC,SPQR)

(/usr/local/texlive/2022/texmf-dist/tex/latex/graphics/trig.sty
Package: trig 2021/08/11 v1.11 sin cos tan (DPC)
)
(/usr/local/texlive/2022/texmf-dist/tex/latex/graphics-cfg/graphics.cfg
File: graphics.cfg 2016/06/04 v1.11 sample graphics configuration
)
Package graphics Info: Driver file: pdftex.def on input line 107.

(/usr/local/texlive/2022/texmf-dist/tex/latex/graphics-def/pdftex.def
File: pdftex.def 2020/10/05 v1.2a Graphics/color driver for pdftex
))
\Gin@req@height=\dimen139
\Gin@req@width=\dimen140
)
(/usr/local/texlive/2022/texmf-dist/tex/latex/tools/indentfirst.sty
Package: indentfirst 1995/11/23 v1.03 Indent first paragraph (DPC)
)
(/usr/local/texlive/2022/texmf-dist/tex/latex/url/url.sty
\Urlmuskip=\muskip16
Package: url 2013/09/16  ver 3.4  Verb mode for urls, etc.
)
(/usr/local/texlive/2022/texmf-dist/tex/latex/float/float.sty
Package: float 2001/11/08 v1.3d Float enhancements (AL)
\c@float@type=\count193
\float@exts=\toks19
\float@box=\box50
\@float@everytoks=\toks20
\@floatcapt=\box51
)
(/usr/local/texlive/2022/texmf-dist/tex/latex/base/fontenc.sty
Package: fontenc 2021/04/29 v2.0v Standard LaTeX package
)
(/usr/local/texlive/2022/texmf-dist/tex/latex/l3backend/l3backend-pdftex.def
File: l3backend-pdftex.def 2022-02-07 L3 backend support: PDF output (pdfTeX)
\l__color_backend_stack_int=\count194
\l__pdf_internal_box=\box52
)
(./DSA project report.aux)
\openout1 = `"DSA project report.aux"'.

LaTeX Font Info:    Checking defaults for OML/cmm/m/it on input line 17.
LaTeX Font Info:    ... okay on input line 17.
LaTeX Font Info:    Checking defaults for OMS/cmsy/m/n on input line 17.
LaTeX Font Info:    ... okay on input line 17.
LaTeX Font Info:    Checking defaults for OT1/cmr/m/n on input line 17.
LaTeX Font Info:    ... okay on input line 17.
LaTeX Font Info:    Checking defaults for T1/cmr/m/n on input line 17.
LaTeX Font Info:    ... okay on input line 17.
LaTeX Font Info:    Checking defaults for TS1/cmr/m/n on input line 17.
LaTeX Font Info:    ... okay on input line 17.
LaTeX Font Info:    Checking defaults for OMX/cmex/m/n on input line 17.
LaTeX Font Info:    ... okay on input line 17.
LaTeX Font Info:    Checking defaults for U/cmr/m/n on input line 17.
LaTeX Font Info:    ... okay on input line 17.

(/usr/local/texlive/2022/texmf-dist/tex/context/base/mkii/supp-pdf.mkii
[Loading MPS to PDF converter (version 2006.09.02).]
\scratchcounter=\count195
\scratchdimen=\dimen141
\scratchbox=\box53
\nofMPsegments=\count196
\nofMParguments=\count197
\everyMPshowfont=\toks21
\MPscratchCnt=\count198
\MPscratchDim=\dimen142
\MPnumerator=\count199
\makeMPintoPDFobject=\count266
\everyMPtoPDFconversion=\toks22
) (/usr/local/texlive/2022/texmf-dist/tex/latex/epstopdf-pkg/epstopdf-base.sty
Package: epstopdf-base 2020-01-24 v2.11 Base part for package epstopdf

(/usr/local/texlive/2022/texmf-dist/tex/generic/infwarerr/infwarerr.sty
Package: infwarerr 2019/12/03 v1.5 Providing info/warning/error messages (HO)
)
(/usr/local/texlive/2022/texmf-dist/tex/latex/grfext/grfext.sty
Package: grfext 2019/12/03 v1.3 Manage graphics extensions (HO)

(/usr/local/texlive/2022/texmf-dist/tex/generic/kvdefinekeys/kvdefinekeys.sty
Package: kvdefinekeys 2019-12-19 v1.6 Define keys (HO)
)) (/usr/local/texlive/2022/texmf-dist/tex/latex/kvoptions/kvoptions.sty
Package: kvoptions 2020-10-07 v3.14 Key value format for package options (HO)

(/usr/local/texlive/2022/texmf-dist/tex/generic/ltxcmds/ltxcmds.sty
Package: ltxcmds 2020-05-10 v1.25 LaTeX kernel commands for general use (HO)
)
(/usr/local/texlive/2022/texmf-dist/tex/generic/kvsetkeys/kvsetkeys.sty
Package: kvsetkeys 2019/12/15 v1.18 Key value parser (HO)
))
(/usr/local/texlive/2022/texmf-dist/tex/generic/pdftexcmds/pdftexcmds.sty
Package: pdftexcmds 2020-06-27 v0.33 Utility functions of pdfTeX for LuaTeX (HO
)

(/usr/local/texlive/2022/texmf-dist/tex/generic/iftex/iftex.sty
Package: iftex 2022/02/03 v1.0f TeX engine tests
)
Package pdftexcmds Info: \pdf@primitive is available.
Package pdftexcmds Info: \pdf@ifprimitive is available.
Package pdftexcmds Info: \pdfdraftmode found.
)
Package epstopdf-base Info: Redefining graphics rule for `.eps' on input line 4
85.
Package grfext Info: Graphics extension search list:
(grfext)             [.pdf,.png,.jpg,.mps,.jpeg,.jbig2,.jb2,.PDF,.PNG,.JPG,.JPE
G,.JBIG2,.JB2,.eps]
(grfext)             \AppendGraphicsExtensions on input line 504.

(/usr/local/texlive/2022/texmf-dist/tex/latex/latexconfig/epstopdf-sys.cfg
File: epstopdf-sys.cfg 2010/07/13 v1.3 Configuration of (r)epstopdf for TeX Liv
e
))
LaTeX Font Info:    External font `cmex10' loaded for size
(Font)              <12> on input line 19.
LaTeX Font Info:    External font `cmex10' loaded for size
(Font)              <8> on input line 19.
LaTeX Font Info:    External font `cmex10' loaded for size
(Font)              <6> on input line 19.
<architecture.png, id=1, 448.67625pt x 572.1375pt>
File: architecture.png Graphic file (type png)
<use architecture.png>
Package pdftex.def Info: architecture.png  used on input line 42.
(pdftex.def)             Requested size: 360.0pt x 459.07251pt.

[1

{/usr/local/texlive/2022/texmf-var/fonts/map/pdftex/updmap/pdftex.map}]
[2 <./architecture.png>]
<get.png, id=17, 968.61874pt x 111.41624pt>
File: get.png Graphic file (type png)
<use get.png>
Package pdftex.def Info: get.png  used on input line 63.
(pdftex.def)             Requested size: 360.0pt x 41.40866pt.
<post.png, id=18, 962.59625pt x 113.42375pt>
File: post.png Graphic file (type png)
<use post.png>
Package pdftex.def Info: post.png  used on input line 69.
(pdftex.def)             Requested size: 360.0pt x 42.41783pt.
<cas.png, id=19, 1305.87875pt x 251.94125pt>
File: cas.png Graphic file (type png)
<use cas.png>
Package pdftex.def Info: cas.png  used on input line 75.
(pdftex.def)             Requested size: 360.0pt x 69.45128pt.
LaTeX Font Info:    Trying to load font information for T1+cmtt on input line 8
3.

(/usr/local/texlive/2022/texmf-dist/tex/latex/base/t1cmtt.fd
File: t1cmtt.fd 2019/12/16 v2.5j Standard LaTeX font definitions
)
Overfull \hbox (13.45248pt too wide) in paragraph at lines 94--94
[]\T1/cmtt/m/n/10.95 pub const ELECTION_TIMEOUT: Duration = Duration::from_mill
is(100);[] 
 []


Overfull \hbox (53.06108pt too wide) in paragraph at lines 94--94
[]\T1/cmtt/m/n/10.95 pub const OUTGOING_MESSAGE_PERIOD: Duration = Duration::fr
om_millis(100);[] 
 []


Overfull \hbox (30.4276pt too wide) in paragraph at lines 94--94
[]\T1/cmtt/m/n/10.95 pub const WAIT_LEADER_TIMEOUT: Duration = Duration::from_m
illis(500);[] 
 []

[3 <./get.png> <./post.png> <./cas.png>]
Overfull \hbox (36.08597pt too wide) in paragraph at lines 94--94
[]\T1/cmtt/m/n/10.95 pub const WAIT_DECIDED_TIMEOUT: Duration = Duration::from_
millis(250);[] 
 []


Overfull \hbox (24.84467pt too wide) in paragraph at lines 109--110
[]\T1/cmr/m/n/10.95 We used the [][]\T1/cmtt/m/n/10.95 fn get_storage()[]\T1/cm
r/m/n/10.95 method that re-turns an [][]\T1/cmtt/m/n/10.95 Arc<Mutex<KVStore>> 

 []


Overfull \hbox (2.13574pt too wide) in paragraph at lines 129--129
[]                    \T1/cmtt/m/n/10.95 let kv_store = Arc::new(Mutex::new(KVS
tore {[] 
 []

[4]
Overfull \hbox (65.9477pt too wide) in paragraph at lines 134--135
[]\T1/cmr/m/n/10.95 To ob-tain a value for a spe-cific key from the store, we u
se the [][]\T1/cmtt/m/n/10.95 get(key: Path<String>)[]\T1/cmr/m/n/10.95 ,
 []

[5]
Overfull \hbox (47.40271pt too wide) in paragraph at lines 176--176
[]    \T1/cmtt/m/n/10.95 let mut outgoing_interval = time::interval(OUTGOING_ME
SSAGE_PERIOD);[] 
 []


Overfull \hbox (7.79411pt too wide) in paragraph at lines 176--176
[]    \T1/cmtt/m/n/10.95 let mut election_interval = time::interval(ELECTION_TI
MEOUT);[] 
 []


Overfull \hbox (24.76923pt too wide) in paragraph at lines 176--176
[]            \T1/cmtt/m/n/10.95 _ = election_interval.tick() => { self.omni_pa
xos.lock()[] 
 []


Overfull \hbox (98.32805pt too wide) in paragraph at lines 176--176
[]            \T1/cmtt/m/n/10.95 _ = outgoing_interval.tick() => { self.send_ou
tgoing_msgs().await; },[] 
 []


Overfull \hbox (64.37782pt too wide) in paragraph at lines 176--176
[]            \T1/cmtt/m/n/10.95 Some(in_msg) = self.incoming.recv() => { self.
omni_paxos.lock()[] 
 []


Overfull \hbox (7.79411pt too wide) in paragraph at lines 193--193
[]      \T1/cmtt/m/n/10.95 pub(crate) fn configure_persistent_storage(path: Str
ing) ->[] 
 []


Overfull \hbox (36.08597pt too wide) in paragraph at lines 193--193
[]        \T1/cmtt/m/n/10.95 // generate default configuration and set user-def
ined options[] 
 []

[6] [7]
Overfull \hbox (92.66968pt too wide) in paragraph at lines 248--248
[]                    \T1/cmtt/m/n/10.95 println!("Adding value: {:?}, decided 
idx {} via server {}",[] 
 []


Overfull \hbox (87.0113pt too wide) in paragraph at lines 248--248
[]                             \T1/cmtt/m/n/10.95 kv_decided.value, storage.dec
ided_idx, server_id);[] 
 []


Overfull \hbox (47.40271pt too wide) in paragraph at lines 248--248
[]                    \T1/cmtt/m/n/10.95 for (k, v) in &kv_snapshotted.snapshot
.snapshotted {[] 
 []


Overfull \hbox (2.13574pt too wide) in paragraph at lines 248--248
[]                        \T1/cmtt/m/n/10.95 storage.key_value.insert(k.clone()
, *v);[] 
 []


Overfull \hbox (115.30316pt too wide) in paragraph at lines 248--248
[]                        \T1/cmtt/m/n/10.95 println!("Adding value: {:?}, deci
ded inx {} via server {}",[] 
 []


Overfull \hbox (24.76923pt too wide) in paragraph at lines 248--248
[]                                 \T1/cmtt/m/n/10.95 v, storage.decided_idx, s
erver_id);[] 
 []


Overfull \hbox (24.76923pt too wide) in paragraph at lines 270--270
[]    \T1/cmtt/m/n/10.95 HttpServer::new(move || App::new().service(create).ser
vice(get))[] 
 []

[8] [9]
<Run.png, id=47, 979.66pt x 147.55125pt>
File: Run.png Graphic file (type png)
<use Run.png>
Package pdftex.def Info: Run.png  used on input line 306.
(pdftex.def)             Requested size: 360.0pt x 54.21936pt.

Overfull \hbox (17.0pt too wide) in paragraph at lines 306--307
[][] 
 []

<create.png, id=48, 777.90625pt x 446.66875pt>
File: create.png Graphic file (type png)
<use create.png>
Package pdftex.def Info: create.png  used on input line 316.
(pdftex.def)             Requested size: 360.0pt x 206.71736pt.
<get404.png, id=49, 790.955pt x 367.3725pt>
File: get404.png Graphic file (type png)
<use get404.png>
Package pdftex.def Info: get404.png  used on input line 324.
(pdftex.def)             Requested size: 360.0pt x 167.21078pt.
[10 <./Run.png> <./create.png>]
<get200.png, id=55, 791.95876pt x 446.66875pt>
File: get200.png Graphic file (type png)
<use get200.png>
Package pdftex.def Info: get200.png  used on input line 332.
(pdftex.def)             Requested size: 360.0pt x 203.04375pt.
<cas400.png, id=56, 801.99625pt x 393.47pt>
File: cas400.png Graphic file (type png)
<use cas400.png>
Package pdftex.def Info: cas400.png  used on input line 340.
(pdftex.def)             Requested size: 360.0pt x 176.62157pt.
 [11 <./get404.png> <./get200.png>]
<cas200.png, id=62, 787.94376pt x 453.695pt>
File: cas200.png Graphic file (type png)
<use cas200.png>
Package pdftex.def Info: cas200.png  used on input line 348.
(pdftex.def)             Requested size: 360.0pt x 207.28305pt.
<getcas.png, id=63, 795.97375pt x 442.65375pt>
File: getcas.png Graphic file (type png)
<use getcas.png>
Package pdftex.def Info: getcas.png  used on input line 356.
(pdftex.def)             Requested size: 360.0pt x 200.19873pt.
 [12 <./cas400.png> <./cas200.png>]
<Test1.png, id=69, 979.66pt x 147.55125pt>
File: Test1.png Graphic file (type png)
<use Test1.png>
Package pdftex.def Info: Test1.png  used on input line 366.
(pdftex.def)             Requested size: 360.0pt x 54.21936pt.
 [13 <./getcas.png> <./Test1.png>] [14]
(./DSA project report.aux) ) 
Here is how much of TeX's memory you used:
 2425 strings out of 478268
 40904 string characters out of 5846348
 334751 words of memory out of 5000000
 20600 multiletter control sequences out of 15000+600000
 477570 words of font info for 46 fonts, out of 8000000 for 9000
 1141 hyphenation exceptions out of 8191
 60i,6n,67p,522b,264s stack positions out of 10000i,1000n,20000p,200000b,200000s
{/usr/local/texlive/2022/texmf-dist/fonts/enc/dvips
/cm-super/cm-super-t1.enc}{/usr/local/texlive/2022/texmf-dist/fonts/enc/dvips/c
m-super/cm-super-ts1.enc}</usr/local/texlive/2022/texmf-dist/fonts/type1/public
/cm-super/sfbx1200.pfb></usr/local/texlive/2022/texmf-dist/fonts/type1/public/c
m-super/sfbx1440.pfb></usr/local/texlive/2022/texmf-dist/fonts/type1/public/cm-
super/sfrm1095.pfb></usr/local/texlive/2022/texmf-dist/fonts/type1/public/cm-su
per/sfrm1200.pfb></usr/local/texlive/2022/texmf-dist/fonts/type1/public/cm-supe
r/sfrm1728.pfb></usr/local/texlive/2022/texmf-dist/fonts/type1/public/cm-super/
sftt1095.pfb>
Output written on "DSA project report.pdf" (14 pages, 722255 bytes).
PDF statistics:
 110 PDF objects out of 1000 (max. 8388607)
 56 compressed objects within 1 object stream
 0 named destinations out of 1000 (max. 500000)
 61 words of extra memory for PDF output out of 10000 (max. 10000000)

